<?xml version="1.0" encoding="UTF-8"?>
<testsuite name="org.example.DoublyLinkedListTest" tests="1" skipped="0" failures="0" errors="0" timestamp="2023-08-06T15:33:46" hostname="DESKTOP-FJGJ28P" time="0.018">
  <properties/>
  <testcase name="addTest()" classname="org.example.DoublyLinkedListTest" time="0.018"/>
  <system-out><![CDATA[0 10 1 20 2 30 3 40 4 
]]></system-out>
  <system-err><![CDATA[]]></system-err>
</testsuite>
