<?xml version="1.0" encoding="UTF-8"?>
<testsuite name="org.example.MainTest" tests="1" skipped="0" failures="0" errors="0" timestamp="2023-07-30T09:31:08" hostname="DESKTOP-FJGJ28P" time="0.019">
  <properties/>
  <testcase name="testBinarySearch()" classname="org.example.MainTest" time="0.019"/>
  <system-out><![CDATA[]]></system-out>
  <system-err><![CDATA[]]></system-err>
</testsuite>
