<?xml version="1.0" encoding="UTF-8"?>
<testsuite name="org.example.TreeTest" tests="2" skipped="0" failures="0" errors="0" timestamp="2023-08-05T16:56:12" hostname="DESKTOP-FJGJ28P" time="0.023">
  <properties/>
  <testcase name="testDeepSum()" classname="org.example.TreeTest" time="0.021"/>
  <testcase name="testRecursiveSum()" classname="org.example.TreeTest" time="0.001"/>
  <system-out><![CDATA[]]></system-out>
  <system-err><![CDATA[]]></system-err>
</testsuite>
